<?xml version="1.0" encoding="UTF-8"?><testsuite errors="1" failures="0" name="Logins" skipped="0" tests="1" time="160.04" timestamp="2019-04-05 07:04:08"><testcase name="Authorized user can login to Mastercard Developers"><error message="Error opening page [Home Page] at[https://internal.cicd.stage.developer.dettonville.int/]. Caused by :Error communicating with the remote browser. It may have died.&#10;Build info: version: '3.12.0', revision: '7c6e0b3', time: '2018-05-08T14:04:26.12Z'&#10;System info: host: 'jnk4stl2', ip: '10.158.22.219', os.name: 'Linux', os.arch: 'amd64', os.version: '2.6.32-754.9.1.el6.x86_64', java.version: '1.8.0_111'&#10;Driver info: driver.version: RemoteWebDriver&#10;Capabilities {acceptInsecureCerts: false, acceptSslCerts: false, applicationCacheEnabled: false, browserConnectionEnabled: false, browserName: chrome, chrome: {chromedriverVersion: 2.42.591088 (7b2b2dca23cca0..., userDataDir: C:\Windows\proxy\scoped_dir...}, cssSelectorsEnabled: true, databaseEnabled: false, goog:chromeOptions: {debuggerAddress: localhost:1623}, handlesAlerts: true, hasTouchScreen: false, javascriptEnabled: true, locationContextEnabled: true, mobileEmulationEnabled: false, nativeEvents: true, networkConnectionEnabled: false, pageLoadStrategy: normal, platform: WIN8, platformName: WIN8, rotatable: false, setWindowRect: true, takesHeapSnapshot: true, takesScreenshot: true, unexpectedAlertBehaviour: , unhandledPromptBehavior: , version: 70.0.3538.67, webStorageEnabled: true, webdriver.remote.sessionid: 21ccf51844bc58bb959b711c886...}&#10;Session ID: 21ccf51844bc58bb959b711c8862a3b8dabc20bd" type="com.dettonville.api.quality.ubiquitous.UbiquitousException">Error opening page [Home Page] at[https://internal.cicd.stage.developer.dettonville.int/]. Caused by :Error communicating with the remote browser. It may have died.
Build info: version: '3.12.0', revision: '7c6e0b3', time: '2018-05-08T14:04:26.12Z'
System info: host: 'jnk4stl2', ip: '10.158.22.219', os.name: 'Linux', os.arch: 'amd64', os.version: '2.6.32-754.9.1.el6.x86_64', java.version: '1.8.0_111'
Driver info: driver.version: RemoteWebDriver
Capabilities {acceptInsecureCerts: false, acceptSslCerts: false, applicationCacheEnabled: false, browserConnectionEnabled: false, browserName: chrome, chrome: {chromedriverVersion: 2.42.591088 (7b2b2dca23cca0..., userDataDir: C:\Windows\proxy\scoped_dir...}, cssSelectorsEnabled: true, databaseEnabled: false, goog:chromeOptions: {debuggerAddress: localhost:1623}, handlesAlerts: true, hasTouchScreen: false, javascriptEnabled: true, locationContextEnabled: true, mobileEmulationEnabled: false, nativeEvents: true, networkConnectionEnabled: false, pageLoadStrategy: normal, platform: WIN8, platformName: WIN8, rotatable: false, setWindowRect: true, takesHeapSnapshot: true, takesScreenshot: true, unexpectedAlertBehaviour: , unhandledPromptBehavior: , version: 70.0.3538.67, webStorageEnabled: true, webdriver.remote.sessionid: 21ccf51844bc58bb959b711c886...}
Session ID: 21ccf51844bc58bb959b711c8862a3b8dabc20bd</error><system-err>Error opening page [Home Page] at[https://internal.cicd.stage.developer.dettonville.int/]. Caused by :Error communicating with the remote browser. It may have died.
Build info: version: '3.12.0', revision: '7c6e0b3', time: '2018-05-08T14:04:26.12Z'
System info: host: 'jnk4stl2', ip: '10.158.22.219', os.name: 'Linux', os.arch: 'amd64', os.version: '2.6.32-754.9.1.el6.x86_64', java.version: '1.8.0_111'
Driver info: driver.version: RemoteWebDriver
Capabilities {acceptInsecureCerts: false, acceptSslCerts: false, applicationCacheEnabled: false, browserConnectionEnabled: false, browserName: chrome, chrome: {chromedriverVersion: 2.42.591088 (7b2b2dca23cca0..., userDataDir: C:\Windows\proxy\scoped_dir...}, cssSelectorsEnabled: true, databaseEnabled: false, goog:chromeOptions: {debuggerAddress: localhost:1623}, handlesAlerts: true, hasTouchScreen: false, javascriptEnabled: true, locationContextEnabled: true, mobileEmulationEnabled: false, nativeEvents: true, networkConnectionEnabled: false, pageLoadStrategy: normal, platform: WIN8, platformName: WIN8, rotatable: false, setWindowRect: true, takesHeapSnapshot: true, takesScreenshot: true, unexpectedAlertBehaviour: , unhandledPromptBehavior: , version: 70.0.3538.67, webStorageEnabled: true, webdriver.remote.sessionid: 21ccf51844bc58bb959b711c886...}
Session ID: 21ccf51844bc58bb959b711c8862a3b8dabc20bd
com.dettonville.api.quality.ubiquitous.page.WebPage.open(WebPage.java:623)
com.dettonville.api.quality.steps.BasicSteps.givenIAmUserOnSystemPage(BasicSteps.java:95)
com.dettonville.api.quality.steps.composite.BasicComposites.loginStep(BasicComposites.java:34)
com.dettonville.api.quality.steps.composite.BasicComposites.doLoginStep(BasicComposites.java:29)
</system-err></testcase></testsuite>